#
# A fatal error has been detected by the Java Runtime Environment:
#
#  EXCEPTION_ACCESS_VIOLATION (0xc0000005) at pc=0x00000000631a83fe, pid=7036, tid=0x0000000000000ab4
#
# JRE version: Java(TM) SE Runtime Environment (8.0_171-b11) (build 1.8.0_171-b11)
# Java VM: Java HotSpot(TM) 64-Bit Server VM (25.171-b11 mixed mode windows-amd64 compressed oops)
# Problematic frame:
# V  [jvm.dll+0x5983fe]
#
# Failed to write core dump. Minidumps are not enabled by default on client versions of Windows
#
# If you would like to submit a bug report, please visit:
#   http://bugreport.java.com/bugreport/crash.jsp
#

---------------  T H R E A D  ---------------

Current thread (0x000000001bde4000):  JavaThread "C2 CompilerThread1" daemon [_thread_in_native, id=2740, stack(0x000000001d540000,0x000000001d640000)]

siginfo: ExceptionCode=0xc0000005, writing address 0x0000000048000067

Registers:
RAX=0x000000001e1a4f68, RBX=0x0000000000000067, RCX=0x000000001e1a4f68, RDX=0x000000001d63ec10
RSP=0x000000001d63c510, RBP=0x000000001d63c990, RSI=0x00000000000003a3, RDI=0x000000001d7a58a0
R8 =0x000000001d63ec10, R9 =0x00000000631a83ee, R10=0x0000000000000067, R11=0x00000000000003a7
R12=0x000000001d63c990, R13=0x000000001e149458, R14=0x000000001d63c990, R15=0x000000001d7a58a0
RIP=0x00000000631a83fe, EFLAGS=0x0000000000010202

Top of Stack: (sp=0x000000001d63c510)
0x000000001d63c510:   0000000000000067 0000000000000000
0x000000001d63c520:   0000000000000053 000000001d63c990
0x000000001d63c530:   0000000000000001 00000000630f5830
0x000000001d63c540:   000000001ef60a60 00000000000003a3
0x000000001d63c550:   0000000000000053 000000001d63c660
0x000000001d63c560:   000000001e1a4ec8 0000000063108cde
0x000000001d63c570:   000000001d7a58b8 000000001d63c660
0x000000001d63c580:   00000000000003a7 000000001d63c660
0x000000001d63c590:   000000001e1a4ec8 00000000630f6d2d
0x000000001d63c5a0:   000000001d7a58a0 000000001d7a58a0
0x000000001d63c5b0:   00000000000003a7 000000001d63c660
0x000000001d63c5c0:   000000001e1a4ec8 0000000000000002
0x000000001d63c5d0:   000000000000006b 000000001d63d318
0x000000001d63c5e0:   000000001d7a58a0 00000000630f81e3
0x000000001d63c5f0:   0000000000000001 000000001d7a54d0
0x000000001d63c600:   000000001e149458 000000001ec3ba30 

Instructions: (pc=0x00000000631a83fe)
0x00000000631a83de:   48 8b 5c 24 30 48 8b 74 24 38 48 83 c4 20 5f c3
0x00000000631a83ee:   49 8b d0 b9 08 00 00 00 e8 35 8c fb ff 48 85 c0
0x00000000631a83fe:   0f 94 a3 00 00 00 48 8d 0d 3d f3 0f 00 48 89 08
0x00000000631a840e:   48 8b 5c 24 30 48 8b 74 24 38 48 83 c4 20 5f c3 


Register to memory mapping:

RAX=0x000000001e1a4f68 is an unknown value
RBX=0x0000000000000067 is an unknown value
RCX=0x000000001e1a4f68 is an unknown value
RDX=0x000000001d63ec10 is pointing into the stack for thread: 0x000000001bde4000
RSP=0x000000001d63c510 is pointing into the stack for thread: 0x000000001bde4000
RBP=0x000000001d63c990 is pointing into the stack for thread: 0x000000001bde4000
RSI=0x00000000000003a3 is an unknown value
RDI=0x000000001d7a58a0 is an unknown value
R8 =0x000000001d63ec10 is pointing into the stack for thread: 0x000000001bde4000
R9 =0x00000000631a83ee is an unknown value
R10=0x0000000000000067 is an unknown value
R11=0x00000000000003a7 is an unknown value
R12=0x000000001d63c990 is pointing into the stack for thread: 0x000000001bde4000
R13=0x000000001e149458 is an unknown value
R14=0x000000001d63c990 is pointing into the stack for thread: 0x000000001bde4000
R15=0x000000001d7a58a0 is an unknown value


Stack: [0x000000001d540000,0x000000001d640000],  sp=0x000000001d63c510,  free space=1009k
Native frames: (J=compiled Java code, j=interpreted, Vv=VM code, C=native code)
V  [jvm.dll+0x5983fe]
V  [jvm.dll+0x4e5830]
V  [jvm.dll+0x4e6d2d]
V  [jvm.dll+0x4e81e3]
V  [jvm.dll+0x4e9616]
V  [jvm.dll+0x4ea04d]
V  [jvm.dll+0x475671]
V  [jvm.dll+0x478167]
V  [jvm.dll+0x45a902]
V  [jvm.dll+0xa6102]
V  [jvm.dll+0xa6a4f]
V  [jvm.dll+0x245adf]
V  [jvm.dll+0x29d40a]
C  [msvcr100.dll+0x21d9f]
C  [msvcr100.dll+0x21e3b]
C  [KERNEL32.dll+0x17974]
C  [ntdll.dll+0x6a271]


Current CompileTask:
C2:   3802 1564       4       java.lang.String::replace (127 bytes)


---------------  P R O C E S S  ---------------

Java Threads: ( => current thread )
  0x000000001e82c000 JavaThread "ForkJoinPool.commonPool-worker-3" daemon [_thread_blocked, id=9204, stack(0x0000000020770000,0x0000000020870000)]
  0x000000001e804000 JavaThread "ForkJoinPool.commonPool-worker-2" daemon [_thread_blocked, id=11984, stack(0x0000000020670000,0x0000000020770000)]
  0x000000001e803000 JavaThread "ForkJoinPool.commonPool-worker-1" daemon [_thread_blocked, id=12172, stack(0x0000000020570000,0x0000000020670000)]
  0x000000001e6ad800 JavaThread "Keep-Alive-Timer" daemon [_thread_blocked, id=12408, stack(0x0000000020170000,0x0000000020270000)]
  0x000000001e6ac800 JavaThread "Exec Stream Pumper" daemon [_thread_in_native, id=15032, stack(0x000000001ff70000,0x0000000020070000)]
  0x000000001e6ab800 JavaThread "Exec Stream Pumper" daemon [_thread_in_native, id=11588, stack(0x000000001fe70000,0x000000001ff70000)]
  0x000000001e6a9000 JavaThread "UrlChecker-2" daemon [_thread_blocked, id=13816, stack(0x000000001fd70000,0x000000001fe70000)]
  0x000000001e5c0000 JavaThread "Exec Default Executor" daemon [_thread_in_native, id=14452, stack(0x000000001fa50000,0x000000001fb50000)]
  0x000000001d780800 JavaThread "Service Thread" daemon [_thread_blocked, id=13836, stack(0x000000001db40000,0x000000001dc40000)]
  0x000000001be15800 JavaThread "C1 CompilerThread2" daemon [_thread_blocked, id=10592, stack(0x000000001d640000,0x000000001d740000)]
=>0x000000001bde4000 JavaThread "C2 CompilerThread1" daemon [_thread_in_native, id=2740, stack(0x000000001d540000,0x000000001d640000)]
  0x000000001bdf0800 JavaThread "C2 CompilerThread0" daemon [_thread_in_native, id=11704, stack(0x000000001d440000,0x000000001d540000)]
  0x000000001bdef000 JavaThread "Attach Listener" daemon [_thread_blocked, id=14540, stack(0x000000001d340000,0x000000001d440000)]
  0x000000001bdee000 JavaThread "Signal Dispatcher" daemon [_thread_blocked, id=14156, stack(0x000000001d240000,0x000000001d340000)]
  0x000000001bdcf800 JavaThread "Finalizer" daemon [_thread_blocked, id=7976, stack(0x000000001d040000,0x000000001d140000)]
  0x00000000027a6000 JavaThread "Reference Handler" daemon [_thread_blocked, id=13540, stack(0x000000001cf40000,0x000000001d040000)]
  0x00000000026b5800 JavaThread "Forwarding newSession on session null to remote" [_thread_in_vm, id=8200, stack(0x00000000025b0000,0x00000000026b0000)]

Other Threads:
  0x000000001bda7000 VMThread [stack: 0x000000001ce40000,0x000000001cf40000] [id=12388]
  0x000000001be3d000 WatcherThread [stack: 0x000000001dc40000,0x000000001dd40000] [id=13572]

VM state:not at safepoint (normal execution)

VM Mutex/Monitor currently owned by a thread: None

Heap:
 PSYoungGen      total 76288K, used 30234K [0x000000076b380000, 0x0000000770880000, 0x00000007c0000000)
  eden space 65536K, 33% used [0x000000076b380000,0x000000076c90d520,0x000000076f380000)
  from space 10752K, 75% used [0x000000076f380000,0x000000076fb79590,0x000000076fe00000)
  to   space 10752K, 0% used [0x000000076fe00000,0x000000076fe00000,0x0000000770880000)
 ParOldGen       total 175104K, used 16K [0x00000006c1a00000, 0x00000006cc500000, 0x000000076b380000)
  object space 175104K, 0% used [0x00000006c1a00000,0x00000006c1a04000,0x00000006cc500000)
 Metaspace       used 15395K, capacity 16142K, committed 16384K, reserved 1062912K
  class space    used 2050K, capacity 2253K, committed 2304K, reserved 1048576K

Card table byte_map: [0x0000000011b70000,0x0000000012370000] byte_map_base: 0x000000000e563000

Marking Bits: (ParMarkBitMap*) 0x00000000634308c0
 Begin Bits: [0x0000000012cc0000, 0x0000000016c58000)
 End Bits:   [0x0000000016c58000, 0x000000001abf0000)

Polling page: 0x0000000002320000

CodeCache: size=245760Kb used=5968Kb max_used=5978Kb free=239791Kb
 bounds [0x00000000027b0000, 0x0000000002d90000, 0x00000000117b0000]
 total_blobs=2077 nmethods=1693 adapters=296
 compilation: enabled

Compilation events (10 events):
Event: 3.717 Thread 0x000000001bdf0800 nmethod 1622 0x0000000002d4d750 code [0x0000000002d4d880, 0x0000000002d4d938]
Event: 3.718 Thread 0x000000001be15800 nmethod 1630 0x0000000002d53810 code [0x0000000002d53a40, 0x0000000002d546d8]
Event: 3.718 Thread 0x000000001be15800 1629       3       java.lang.invoke.MemberName::isField (7 bytes)
Event: 3.718 Thread 0x000000001be15800 nmethod 1629 0x0000000002d4d290 code [0x0000000002d4d400, 0x0000000002d4d670]
Event: 3.725 Thread 0x000000001bdf0800 1631       4       jdk.internal.org.objectweb.asm.ClassWriter::newUTF8 (70 bytes)
Event: 3.725 Thread 0x000000001be15800 1632       1       java.lang.invoke.InnerClassLambdaMetafactory::access$200 (5 bytes)
Event: 3.725 Thread 0x000000001be15800 nmethod 1632 0x0000000002d4cfd0 code [0x0000000002d4d120, 0x0000000002d4d210]
Event: 3.726 Thread 0x000000001be15800 1633       3       sun.invoke.util.BytecodeDescriptor::unparseMethod (68 bytes)
Event: 3.728 Thread 0x000000001be15800 nmethod 1633 0x0000000002d54c10 code [0x0000000002d54ec0, 0x0000000002d561f8]
Event: 3.729 Thread 0x000000001be15800 1635       3       java.lang.Class::getSimpleName (120 bytes)

GC Heap History (2 events):
Event: 2.392 GC heap before
{Heap before GC invocations=1 (full 0):
 PSYoungGen      total 76288K, used 65536K [0x000000076b380000, 0x0000000770880000, 0x00000007c0000000)
  eden space 65536K, 100% used [0x000000076b380000,0x000000076f380000,0x000000076f380000)
  from space 10752K, 0% used [0x000000076fe00000,0x000000076fe00000,0x0000000770880000)
  to   space 10752K, 0% used [0x000000076f380000,0x000000076f380000,0x000000076fe00000)
 ParOldGen       total 175104K, used 0K [0x00000006c1a00000, 0x00000006cc500000, 0x000000076b380000)
  object space 175104K, 0% used [0x00000006c1a00000,0x00000006c1a00000,0x00000006cc500000)
 Metaspace       used 12831K, capacity 13072K, committed 13312K, reserved 1060864K
  class space    used 1655K, capacity 1766K, committed 1792K, reserved 1048576K
Event: 2.402 GC heap after
Heap after GC invocations=1 (full 0):
 PSYoungGen      total 76288K, used 8165K [0x000000076b380000, 0x0000000770880000, 0x00000007c0000000)
  eden space 65536K, 0% used [0x000000076b380000,0x000000076b380000,0x000000076f380000)
  from space 10752K, 75% used [0x000000076f380000,0x000000076fb79590,0x000000076fe00000)
  to   space 10752K, 0% used [0x000000076fe00000,0x000000076fe00000,0x0000000770880000)
 ParOldGen       total 175104K, used 16K [0x00000006c1a00000, 0x00000006cc500000, 0x000000076b380000)
  object space 175104K, 0% used [0x00000006c1a00000,0x00000006c1a04000,0x00000006cc500000)
 Metaspace       used 12831K, capacity 13072K, committed 13312K, reserved 1060864K
  class space    used 1655K, capacity 1766K, committed 1792K, reserved 1048576K
}

Deoptimization events (10 events):
Event: 2.435 Thread 0x00000000026b5800 Uncommon trap: reason=class_check action=maybe_recompile pc=0x0000000002a07ab0 method=java.util.jar.JarFile.getJarEntry(Ljava/lang/String;)Ljava/util/jar/JarEntry; @ 2
Event: 2.436 Thread 0x00000000026b5800 Uncommon trap: reason=class_check action=maybe_recompile pc=0x0000000002a07ab0 method=java.util.jar.JarFile.getJarEntry(Ljava/lang/String;)Ljava/util/jar/JarEntry; @ 2
Event: 2.436 Thread 0x00000000026b5800 Uncommon trap: reason=class_check action=maybe_recompile pc=0x0000000002a07ab0 method=java.util.jar.JarFile.getJarEntry(Ljava/lang/String;)Ljava/util/jar/JarEntry; @ 2
Event: 2.436 Thread 0x00000000026b5800 Uncommon trap: reason=class_check action=maybe_recompile pc=0x0000000002a07ab0 method=java.util.jar.JarFile.getJarEntry(Ljava/lang/String;)Ljava/util/jar/JarEntry; @ 2
Event: 3.001 Thread 0x00000000026b5800 Uncommon trap: reason=unstable_if action=reinterpret pc=0x000000000296037c method=java.lang.String.replace(CC)Ljava/lang/String; @ 2
Event: 3.003 Thread 0x00000000026b5800 Uncommon trap: reason=bimorphic action=maybe_recompile pc=0x0000000002a23c44 method=java.net.URL.<init>(Ljava/net/URL;Ljava/lang/String;Ljava/net/URLStreamHandler;)V @ 504
Event: 3.006 Thread 0x00000000026b5800 Uncommon trap: reason=unstable_if action=reinterpret pc=0x0000000002c867a0 method=java.util.Arrays.equals([B[B)Z @ 2
Event: 3.019 Thread 0x000000001e6a9000 Uncommon trap: reason=unstable_if action=reinterpret pc=0x0000000002bf759c method=java.lang.CharacterDataLatin1.digit(II)I @ 82
Event: 3.019 Thread 0x000000001e6a9000 Uncommon trap: reason=predicate action=maybe_recompile pc=0x00000000029e9934 method=sun.net.www.ParseUtil.encodePath(Ljava/lang/String;Z)Ljava/lang/String; @ 36
Event: 3.533 Thread 0x000000001e6a9000 Uncommon trap: reason=unstable_if action=reinterpret pc=0x0000000002bf2054 method=java.lang.CharacterDataLatin1.digit(II)I @ 82

Classes redefined (0 events):
No events

Internal exceptions (10 events):
Event: 1.353 Thread 0x00000000026b5800 Exception <a 'java/lang/ArrayIndexOutOfBoundsException': 138> (0x000000076e08fe88) thrown at [C:\re\workspace\8-2-build-windows-amd64-cygwin\jdk8u171\10807\hotspot\src\share\vm\interpreter\interpreterRuntime.cpp, line 366]
Event: 1.354 Thread 0x00000000026b5800 Exception <a 'java/lang/ArrayIndexOutOfBoundsException': 60> (0x000000076e091338) thrown at [C:\re\workspace\8-2-build-windows-amd64-cygwin\jdk8u171\10807\hotspot\src\share\vm\interpreter\interpreterRuntime.cpp, line 366]
Event: 1.382 Thread 0x00000000026b5800 Implicit null exception at 0x0000000002a9c5d6 to 0x0000000002a9c981
Event: 1.385 Thread 0x00000000026b5800 Implicit null exception at 0x0000000002993316 to 0x00000000029936b9
Event: 1.522 Thread 0x00000000026b5800 Exception <a 'java/lang/NoSuchFieldError': method resolution failed> (0x000000076e6201c8) thrown at [C:\re\workspace\8-2-build-windows-amd64-cygwin\jdk8u171\10807\hotspot\src\share\vm\prims\methodHandles.cpp, line 1167]
Event: 1.525 Thread 0x00000000026b5800 Exception <a 'java/lang/NoSuchFieldError': method resolution failed> (0x000000076e62d888) thrown at [C:\re\workspace\8-2-build-windows-amd64-cygwin\jdk8u171\10807\hotspot\src\share\vm\prims\methodHandles.cpp, line 1167]
Event: 3.521 Thread 0x000000001e6a9000 Exception <a 'java/net/SocketTimeoutException': connect timed out> (0x000000076bc62fb8) thrown at [C:\re\workspace\8-2-build-windows-amd64-cygwin\jdk8u171\10807\hotspot\src\share\vm\prims\jni.cpp, line 735]
Event: 3.578 Thread 0x00000000026b5800 Exception <a 'java/lang/IncompatibleClassChangeError': Found class java.lang.Object, but interface was expected> (0x000000076beee2f0) thrown at [C:\re\workspace\8-2-build-windows-amd64-cygwin\jdk8u171\10807\hotspot\src\share\vm\interpreter\linkResolver.cp
Event: 3.580 Thread 0x00000000026b5800 Exception <a 'java/lang/NoSuchMethodError': java.lang.Object.lambda$or$2(Ljava/util/function/Predicate;Ljava/lang/Object;)Z> (0x000000076befc768) thrown at [C:\re\workspace\8-2-build-windows-amd64-cygwin\jdk8u171\10807\hotspot\src\share\vm\interpreter\lin
Event: 3.657 Thread 0x00000000026b5800 Exception <a 'java/lang/NoSuchMethodError': java.lang.Object.lambda$chars$0()Ljava/util/Spliterator$OfInt;> (0x000000076c164ec8) thrown at [C:\re\workspace\8-2-build-windows-amd64-cygwin\jdk8u171\10807\hotspot\src\share\vm\interpreter\linkResolver.cpp, li

Events (10 events):
Event: 3.726 loading class com/google/common/collect/ImmutableSet$Builder
Event: 3.726 loading class com/google/common/collect/ImmutableSet$Builder done
Event: 3.726 loading class com/google/common/collect/ImmutableSortedSet$Builder
Event: 3.726 loading class com/google/common/collect/ImmutableSortedSet$Builder done
Event: 3.726 loading class com/google/common/collect/ImmutableSortedSet
Event: 3.726 loading class com/google/common/collect/ImmutableSortedSet done
Event: 3.726 loading class com/google/common/collect/ImmutableSortedSet$Builder
Event: 3.726 loading class com/google/common/collect/ImmutableSortedSet$Builder done
Event: 3.727 loading class com/google/common/collect/ImmutableSortedAsList
Event: 3.727 loading class com/google/common/collect/ImmutableSortedAsList done


Dynamic libraries:
0x00007ff6ad500000 - 0x00007ff6ad537000 	C:\Program Files\Java\jdk1.8.0_171\bin\javaw.exe
0x00007ffe219f0000 - 0x00007ffe21bdd000 	C:\Windows\SYSTEM32\ntdll.dll
0x00007ffe1ee40000 - 0x00007ffe1eef3000 	C:\Windows\System32\KERNEL32.dll
0x00007ffe123f0000 - 0x00007ffe12540000 	C:\Windows\system32\hmpalert.dll
0x00007ffe1e7e0000 - 0x00007ffe1ea73000 	C:\Windows\System32\KERNELBASE.dll
0x00007ffe1fe80000 - 0x00007ffe1ff23000 	C:\Windows\System32\ADVAPI32.dll
0x00007ffe1f7b0000 - 0x00007ffe1f84e000 	C:\Windows\System32\msvcrt.dll
0x00007ffe1f710000 - 0x00007ffe1f7ae000 	C:\Windows\System32\sechost.dll
0x00007ffe1f8a0000 - 0x00007ffe1f9c2000 	C:\Windows\System32\RPCRT4.dll
0x00007ffe1ec20000 - 0x00007ffe1edb7000 	C:\Windows\System32\USER32.dll
0x00007ffe1e390000 - 0x00007ffe1e3b0000 	C:\Windows\System32\win32u.dll
0x00007ffe1f870000 - 0x00007ffe1f899000 	C:\Windows\System32\GDI32.dll
0x00007ffe1ea80000 - 0x00007ffe1ec19000 	C:\Windows\System32\gdi32full.dll
0x00007ffe1e3e0000 - 0x00007ffe1e480000 	C:\Windows\System32\msvcp_win.dll
0x00007ffe1e660000 - 0x00007ffe1e75a000 	C:\Windows\System32\ucrtbase.dll
0x00007ffe076d0000 - 0x00007ffe07949000 	C:\Windows\WinSxS\amd64_microsoft.windows.common-controls_6595b64144ccf1df_6.0.17763.615_none_05b4414a072024d4\COMCTL32.dll
0x00007ffe1fb50000 - 0x00007ffe1fe7c000 	C:\Windows\System32\combase.dll
0x00007ffe1e760000 - 0x00007ffe1e7de000 	C:\Windows\System32\bcryptPrimitives.dll
0x00007ffe1ff30000 - 0x00007ffe1ff5e000 	C:\Windows\System32\IMM32.DLL
0x00000000634b0000 - 0x0000000063582000 	C:\Program Files\Java\jdk1.8.0_171\jre\bin\msvcr100.dll
0x0000000062c10000 - 0x00000000634b0000 	C:\Program Files\Java\jdk1.8.0_171\jre\bin\server\jvm.dll
0x00007ffe1f850000 - 0x00007ffe1f858000 	C:\Windows\System32\PSAPI.DLL
0x00007ffe127d0000 - 0x00007ffe127da000 	C:\Windows\SYSTEM32\VERSION.dll
0x00007ffe074a0000 - 0x00007ffe074a9000 	C:\Windows\SYSTEM32\WSOCK32.dll
0x00007ffe19060000 - 0x00007ffe19084000 	C:\Windows\SYSTEM32\WINMM.dll
0x00007ffe1fa30000 - 0x00007ffe1fa9d000 	C:\Windows\System32\WS2_32.dll
0x00007ffe19030000 - 0x00007ffe1905d000 	C:\Windows\SYSTEM32\winmmbase.dll
0x00007ffe1e2c0000 - 0x00007ffe1e30a000 	C:\Windows\System32\cfgmgr32.dll
0x0000000062c00000 - 0x0000000062c0f000 	C:\Program Files\Java\jdk1.8.0_171\jre\bin\verify.dll
0x0000000062bd0000 - 0x0000000062bf9000 	C:\Program Files\Java\jdk1.8.0_171\jre\bin\java.dll
0x0000000062bb0000 - 0x0000000062bc6000 	C:\Program Files\Java\jdk1.8.0_171\jre\bin\zip.dll
0x00007ffe1ff80000 - 0x00007ffe21470000 	C:\Windows\System32\SHELL32.dll
0x00007ffe1faa0000 - 0x00007ffe1fb48000 	C:\Windows\System32\shcore.dll
0x00007ffe1dac0000 - 0x00007ffe1e20a000 	C:\Windows\System32\windows.storage.dll
0x00007ffe1da90000 - 0x00007ffe1dab4000 	C:\Windows\System32\profapi.dll
0x00007ffe1da10000 - 0x00007ffe1da6d000 	C:\Windows\System32\powrprof.dll
0x00007ffe1f5e0000 - 0x00007ffe1f632000 	C:\Windows\System32\shlwapi.dll
0x00007ffe1d9f0000 - 0x00007ffe1da01000 	C:\Windows\System32\kernel.appcore.dll
0x00007ffe1e310000 - 0x00007ffe1e327000 	C:\Windows\System32\cryptsp.dll
0x0000000062b90000 - 0x0000000062baa000 	C:\Program Files\Java\jdk1.8.0_171\jre\bin\net.dll
0x00007ffe1d260000 - 0x00007ffe1d2c7000 	C:\Windows\system32\mswsock.dll
0x00007ffe1d000000 - 0x00007ffe1d0c6000 	C:\Windows\SYSTEM32\DNSAPI.dll
0x00007ffe1f860000 - 0x00007ffe1f868000 	C:\Windows\System32\NSI.dll
0x00007ffe1cfc0000 - 0x00007ffe1cffd000 	C:\Windows\SYSTEM32\IPHLPAPI.DLL
0x00007ffe12560000 - 0x00007ffe1256a000 	C:\Windows\System32\rasadhlp.dll
0x00007ffe191b0000 - 0x00007ffe19229000 	C:\Windows\System32\fwpuclnt.dll
0x00007ffe1e3b0000 - 0x00007ffe1e3d6000 	C:\Windows\System32\bcrypt.dll
0x0000000062b60000 - 0x0000000062b84000 	C:\Program Files\Java\jdk1.8.0_171\jre\bin\sunec.dll
0x0000000062b50000 - 0x0000000062b5b000 	C:\Program Files\Java\jdk1.8.0_171\jre\bin\sunmscapi.dll
0x00007ffe1e480000 - 0x00007ffe1e65b000 	C:\Windows\System32\CRYPT32.dll
0x00007ffe1da70000 - 0x00007ffe1da82000 	C:\Windows\System32\MSASN1.dll
0x00007ffe186c0000 - 0x00007ffe186d6000 	C:\Windows\SYSTEM32\dhcpcsvc6.DLL
0x00007ffe186a0000 - 0x00007ffe186bc000 	C:\Windows\SYSTEM32\dhcpcsvc.DLL
0x0000000062b30000 - 0x0000000062b41000 	C:\Program Files\Java\jdk1.8.0_171\jre\bin\nio.dll
0x00007ffe1ce20000 - 0x00007ffe1ce53000 	C:\Windows\system32\rsaenh.dll
0x00007ffe1d920000 - 0x00007ffe1d948000 	C:\Windows\SYSTEM32\USERENV.dll
0x00007ffe1d430000 - 0x00007ffe1d43c000 	C:\Windows\SYSTEM32\CRYPTBASE.dll
0x00007ffe1c420000 - 0x00007ffe1c60d000 	C:\Windows\SYSTEM32\dbghelp.dll

VM Arguments:
jvm_args: -Dfile.encoding=Cp1252 
java_command: cucumber.api.cli.Main C:/ngl-synch-test-suite/src/test/resources/features/Staging/SystemAdmin/10System_OneRoster.feature --glue classpath: --plugin pretty --monochrome
java_class_path (initial): C:\ngl-synch-test-suite\target\classes;C:\ngl-synch-test-suite\target\test-classes;C:\Users\vipulsrivastava\.m2\repository\org\apache\commons\commons-lang3\3.0\commons-lang3-3.0.jar;C:\Users\vipulsrivastava\.m2\repository\com\opencsv\opencsv\4.1\opencsv-4.1.jar;C:\Users\vipulsrivastava\.m2\repository\org\apache\commons\commons-text\1.1\commons-text-1.1.jar;C:\Users\vipulsrivastava\.m2\repository\commons-beanutils\commons-beanutils\1.9.3\commons-beanutils-1.9.3.jar;C:\Users\vipulsrivastava\.m2\repository\commons-logging\commons-logging\1.2\commons-logging-1.2.jar;C:\Users\vipulsrivastava\.m2\repository\commons-collections\commons-collections\3.2.2\commons-collections-3.2.2.jar;C:\Users\vipulsrivastava\.m2\repository\org\seleniumhq\selenium\selenium-java\3.141.59\selenium-java-3.141.59.jar;C:\Users\vipulsrivastava\.m2\repository\org\seleniumhq\selenium\selenium-api\3.141.59\selenium-api-3.141.59.jar;C:\Users\vipulsrivastava\.m2\repository\org\seleniumhq\selenium\selenium-chrome-driver\3.141.59\selenium-chrome-driver-3.141.59.jar;C:\Users\vipulsrivastava\.m2\repository\org\seleniumhq\selenium\selenium-edge-driver\3.141.59\selenium-edge-driver-3.141.59.jar;C:\Users\vipulsrivastava\.m2\repository\org\seleniumhq\selenium\selenium-firefox-driver\3.141.59\selenium-firefox-driver-3.141.59.jar;C:\Users\vipulsrivastava\.m2\repository\org\seleniumhq\selenium\selenium-ie-driver\3.141.59\selenium-ie-driver-3.141.59.jar;C:\Users\vipulsrivastava\.m2\repository\org\seleniumhq\selenium\selenium-opera-driver\3.141.59\selenium-opera-driver-3.141.59.jar;C:\Users\vipulsrivastava\.m2\repository\org\seleniumhq\selenium\selenium-remote-driver\3.141.59\selenium-remote-driver-3.141.59.jar;C:\Users\vipulsrivastava\.m2\repository\org\seleniumhq\selenium\selenium-safari-driver\3.141.59\selenium-safari-driver-3.141.59.jar;C:\Users\vipulsrivastava\.m2\repository\org\seleniumhq\selenium\selenium-support\3.141.59\selenium-support-3.141.59.jar;C:\Users\vipulsrivastava\.m2
Launcher Type: SUN_STANDARD

Environment Variables:
JAVA_HOME=C:\Program Files\Java\jdk1.8.0_171
PATH=C:/Program Files/Java/jre1.8.0_171/bin/server;C:/Program Files/Java/jre1.8.0_171/bin;C:/Program Files/Java/jre1.8.0_171/lib/amd64;C:\Program Files (x86)\Common Files\Oracle\Java\javapath;C:\Program Files (x86)\Intel\Intel(R) Management Engine Components\iCLS\;C:\Program Files\Intel\Intel(R) Management Engine Components\iCLS\;C:\Windows\system32;C:\Windows;C:\Windows\System32\Wbem;C:\Windows\System32\WindowsPowerShell\v1.0\;C:\Windows\System32\OpenSSH\;C:\Program Files (x86)\Intel\Intel(R) Management Engine Components\DAL;C:\Program Files\Intel\Intel(R) Management Engine Components\DAL;C:\Program Files (x86)\Intel\Intel(R) Management Engine Components\IPT;C:\Program Files\Intel\Intel(R) Management Engine Components\IPT;C:\Program Files\Java\jdk1.8.0_171\bin;C:\apache-maven-3.6.1\bin;C:\Users\vipulsrivastava\AppData\Local\Microsoft\WindowsApps;C:\Users\vipulsrivastava\AppData\Local\Programs\Git\cmd;DERBY_HOME\bin;;C:\Users\vipulsrivastava\eclipse\java-2019-03\eclipse;
USERNAME=Vipulsrivastava
OS=Windows_NT
PROCESSOR_IDENTIFIER=Intel64 Family 6 Model 142 Stepping 9, GenuineIntel



---------------  S Y S T E M  ---------------

OS: Windows 10.0 , 64 bit Build 17763 (10.0.17763.475)

CPU:total 4 (initial active 4) (2 cores per cpu, 2 threads per core) family 6 model 142 stepping 9, cmov, cx8, fxsr, mmx, sse, sse2, sse3, ssse3, sse4.1, sse4.2, popcnt, avx, avx2, aes, clmul, erms, 3dnowpref, lzcnt, ht, tsc, tscinvbit, bmi1, bmi2, adx

Memory: 4k page, physical 16670232k(9441056k free), swap 19160600k(11022380k free)

vm_info: Java HotSpot(TM) 64-Bit Server VM (25.171-b11) for windows-amd64 JRE (1.8.0_171-b11), built on Mar 28 2018 16:06:12 by "java_re" with MS VC++ 10.0 (VS2010)

time: Tue Aug 13 13:09:23 2019
elapsed time: 3 seconds (0d 0h 0m 3s)

